<?xml version="1.0" encoding="UTF-8"?>
<testng-results skipped="0" failed="1" total="13" passed="12">
  <reporter-output>
  </reporter-output>
  <suite name="testSuiteA" duration-ms="180916" started-at="2013-12-29T12:34:10Z" finished-at="2013-12-29T12:37:11Z">
    <groups>
    </groups>
    <test name="TestA1" duration-ms="180916" started-at="2013-12-29T12:34:10Z" finished-at="2013-12-29T12:37:11Z">
      <class name="testSuiteA.IdeTest">
        <test-method status="PASS" signature="beforeTest()" name="beforeTest" is-config="true" duration-ms="2396" started-at="2013-12-29T12:34:10Z" finished-at="2013-12-29T12:34:12Z">
        </test-method>
        <test-method status="PASS" signature="beforeTest()" name="beforeTest" is-config="true" duration-ms="0" started-at="2013-12-29T12:34:12Z" finished-at="2013-12-29T12:34:12Z">
        </test-method>
        <test-method status="PASS" signature="loginTest()" name="loginTest" duration-ms="4436" started-at="2013-12-29T12:34:12Z" finished-at="2013-12-29T12:34:17Z">
        </test-method>
        <test-method status="PASS" signature="addFImpTest()" name="addFImpTest" duration-ms="5460" started-at="2013-12-29T12:34:17Z" depends-on-methods="testSuiteA.IdeTest.loginTest" finished-at="2013-12-29T12:34:22Z">
        </test-method>
        <test-method status="PASS" signature="addWebhookTest()" name="addWebhookTest" duration-ms="14589" started-at="2013-12-29T12:34:22Z" depends-on-methods="testSuiteA.IdeTest.loginTest" finished-at="2013-12-29T12:34:37Z">
        </test-method>
        <test-method status="PASS" signature="assignDevTest()" name="assignDevTest" duration-ms="12422" started-at="2013-12-29T12:34:37Z" depends-on-methods="testSuiteA.IdeTest.loginTest" finished-at="2013-12-29T12:34:49Z">
        </test-method>
        <test-method status="PASS" signature="changeFWTest()" name="changeFWTest" duration-ms="16584" started-at="2013-12-29T12:34:49Z" depends-on-methods="testSuiteA.IdeTest.loginTest" finished-at="2013-12-29T12:35:06Z">
        </test-method>
        <test-method status="PASS" signature="deleteDevTest()" name="deleteDevTest" duration-ms="11055" started-at="2013-12-29T12:35:06Z" depends-on-methods="testSuiteA.IdeTest.loginTest" finished-at="2013-12-29T12:35:17Z">
        </test-method>
        <test-method status="FAIL" signature="deleteFImpTest()" name="deleteFImpTest" duration-ms="6563" started-at="2013-12-29T12:35:17Z" depends-on-methods="testSuiteA.IdeTest.loginTest" finished-at="2013-12-29T12:35:23Z">
          <exception class="java.lang.AssertionError">
            <message>
              <![CDATA[expected:<true> but was:<false>]]>
            </message>
            <full-stacktrace>
              <![CDATA[java.lang.AssertionError: expected:<true> but was:<false>
	at org.testng.Assert.fail(Assert.java:89)
	at org.testng.Assert.failNotEquals(Assert.java:489)
	at org.testng.Assert.assertTrue(Assert.java:37)
	at org.testng.Assert.assertTrue(Assert.java:47)
	at testSuiteA.IdeTest.deleteFImpTest(IdeTest.java:370)
	at sun.reflect.NativeMethodAccessorImpl.invoke0(Native Method)
	at sun.reflect.NativeMethodAccessorImpl.invoke(NativeMethodAccessorImpl.java:39)
	at sun.reflect.DelegatingMethodAccessorImpl.invoke(DelegatingMethodAccessorImpl.java:25)
	at java.lang.reflect.Method.invoke(Method.java:597)
	at org.testng.internal.MethodInvocationHelper.invokeMethod(MethodInvocationHelper.java:80)
	at org.testng.internal.Invoker.invokeMethod(Invoker.java:673)
	at org.testng.internal.Invoker.invokeTestMethod(Invoker.java:842)
	at org.testng.internal.Invoker.invokeTestMethods(Invoker.java:1166)
	at org.testng.internal.TestMethodWorker.invokeTestMethods(TestMethodWorker.java:125)
	at org.testng.internal.TestMethodWorker.run(TestMethodWorker.java:109)
	at org.testng.TestRunner.runWorkers(TestRunner.java:1178)
	at org.testng.TestRunner.privateRun(TestRunner.java:757)
	at org.testng.TestRunner.run(TestRunner.java:608)
	at org.testng.SuiteRunner.runTest(SuiteRunner.java:334)
	at org.testng.SuiteRunner.runSequentially(SuiteRunner.java:329)
	at org.testng.SuiteRunner.privateRun(SuiteRunner.java:291)
	at org.testng.SuiteRunner.run(SuiteRunner.java:240)
	at org.testng.SuiteRunnerWorker.runSuite(SuiteRunnerWorker.java:52)
	at org.testng.SuiteRunnerWorker.run(SuiteRunnerWorker.java:86)
	at org.testng.TestNG.runSuitesSequentially(TestNG.java:1158)
	at org.testng.TestNG.runSuitesSequentially(TestNG.java:1154)
	at org.testng.TestNG.runSuitesLocally(TestNG.java:1083)
	at org.testng.TestNG.run(TestNG.java:999)
	at org.apache.maven.surefire.testng.TestNGExecutor.run(TestNGExecutor.java:217)
	at org.apache.maven.surefire.testng.TestNGXmlTestSuite.execute(TestNGXmlTestSuite.java:84)
	at org.apache.maven.surefire.testng.TestNGProvider.invoke(TestNGProvider.java:92)
	at org.apache.maven.surefire.booter.ForkedBooter.invokeProviderInSameClassLoader(ForkedBooter.java:200)
	at org.apache.maven.surefire.booter.ForkedBooter.runSuitesInProcess(ForkedBooter.java:153)
	at org.apache.maven.surefire.booter.ForkedBooter.main(ForkedBooter.java:103)
]]>
            </full-stacktrace>
          </exception>
        </test-method>
        <test-method status="PASS" signature="opsDeployTest()" name="opsDeployTest" duration-ms="18772" started-at="2013-12-29T12:35:23Z" depends-on-methods="testSuiteA.IdeTest.loginTest" finished-at="2013-12-29T12:35:42Z">
        </test-method>
        <test-method status="PASS" signature="rmBondTest()" name="rmBondTest" duration-ms="12414" started-at="2013-12-29T12:35:42Z" depends-on-methods="testSuiteA.IdeTest.loginTest" finished-at="2013-12-29T12:35:54Z">
        </test-method>
        <test-method status="PASS" signature="rmWebhookTest()" name="rmWebhookTest" duration-ms="8512" started-at="2013-12-29T12:35:54Z" depends-on-methods="testSuiteA.IdeTest.loginTest" finished-at="2013-12-29T12:36:03Z">
        </test-method>
        <test-method status="PASS" signature="searchTest()" name="searchTest" duration-ms="34489" started-at="2013-12-29T12:36:03Z" depends-on-methods="testSuiteA.IdeTest.loginTest" finished-at="2013-12-29T12:36:37Z">
        </test-method>
        <test-method status="PASS" signature="sidebarTest()" name="sidebarTest" duration-ms="28894" started-at="2013-12-29T12:36:37Z" depends-on-methods="testSuiteA.IdeTest.loginTest" finished-at="2013-12-29T12:37:06Z">
        </test-method>
        <test-method status="PASS" signature="close()" name="close" is-config="true" duration-ms="3571" started-at="2013-12-29T12:37:06Z" finished-at="2013-12-29T12:37:10Z">
        </test-method>
        <test-method status="PASS" signature="quit()" name="quit" is-config="true" duration-ms="562" started-at="2013-12-29T12:37:10Z" finished-at="2013-12-29T12:37:11Z">
        </test-method>
        <test-method status="PASS" signature="close()" name="close" is-config="true" duration-ms="1" started-at="2013-12-29T12:37:11Z" finished-at="2013-12-29T12:37:11Z">
        </test-method>
      </class>
      <class name="testSuiteA.restApiTest">
        <test-method status="PASS" signature="agentEndponitTest()" name="agentEndponitTest" duration-ms="152" started-at="2013-12-29T12:37:10Z" finished-at="2013-12-29T12:37:10Z">
        </test-method>
      </class>
    </test>
  </suite>
  <suite name="My suite" duration-ms="0" started-at="2013-12-29T12:37:11Z" finished-at="2013-12-29T12:37:11Z">
    <groups>
    </groups>
  </suite>
</testng-results>
