<html>
<head>
<title>TestNG:  TestA1</title>
<link href="../testng.css" rel="stylesheet" type="text/css" />
<link href="../my-testng.css" rel="stylesheet" type="text/css" />

<style type="text/css">
.log { display: none;} 
.stack-trace { display: none;} 
</style>
<script type="text/javascript">
<!--
function flip(e) {
  current = e.style.display;
  if (current == 'block') {
    e.style.display = 'none';
    return 0;
  }
  else {
    e.style.display = 'block';
    return 1;
  }
}

function toggleBox(szDivId, elem, msg1, msg2)
{
  var res = -1;  if (document.getElementById) {
    res = flip(document.getElementById(szDivId));
  }
  else if (document.all) {
    // this is the way old msie versions work
    res = flip(document.all[szDivId]);
  }
  if(elem) {
    if(res == 0) elem.innerHTML = msg1; else elem.innerHTML = msg2;
  }

}

function toggleAllBoxes() {
  if (document.getElementsByTagName) {
    d = document.getElementsByTagName('div');
    for (i = 0; i < d.length; i++) {
      if (d[i].className == 'log') {
        flip(d[i]);
      }
    }
  }
}

// -->
</script>

</head>
<body>
<h2 align='center'>TestA1</h2><table border='1' align="center">
<tr>
<td>Tests passed/Failed/Skipped:</td><td>12/1/0</td>
</tr><tr>
<td>Started on:</td><td>Sun Dec 29 12:34:10 PST 2013</td>
</tr>
<tr><td>Total time:</td><td>180 seconds (180916 ms)</td>
</tr><tr>
<td>Included groups:</td><td></td>
</tr><tr>
<td>Excluded groups:</td><td></td>
</tr>
</table><p/>
<small><i>(Hover the method name to see the test class name)</i></small><p/>
<table width='100%' border='1' class='invocation-failed'>
<tr><td colspan='4' align='center'><b>FAILED TESTS</b></td></tr>
<tr><td><b>Test method</b></td>
<td width="30%"><b>Exception</b></td>
<td width="10%"><b>Time (seconds)</b></td>
<td><b>Instance</b></td>
</tr>
<tr>
<td title='testSuiteA.IdeTest.deleteFImpTest()'><b>deleteFImpTest</b><br>Test class: testSuiteA.IdeTest</td>
<td><div><pre>java.lang.AssertionError: expected:&lt;true&gt; but was:&lt;false&gt;
	at testSuiteA.IdeTest.deleteFImpTest(IdeTest.java:370)
	at org.apache.maven.surefire.testng.TestNGExecutor.run(TestNGExecutor.java:217)
	at org.apache.maven.surefire.testng.TestNGXmlTestSuite.execute(TestNGXmlTestSuite.java:84)
	at org.apache.maven.surefire.testng.TestNGProvider.invoke(TestNGProvider.java:92)
	at org.apache.maven.surefire.booter.ForkedBooter.invokeProviderInSameClassLoader(ForkedBooter.java:200)
	at org.apache.maven.surefire.booter.ForkedBooter.runSuitesInProcess(ForkedBooter.java:153)
	at org.apache.maven.surefire.booter.ForkedBooter.main(ForkedBooter.java:103)
... Removed 27 stack frames</pre></div><a href='#' onClick='toggleBox("stack-trace2067115646", this, "Click to show all stack frames", "Click to hide stack frames")'>Click to show all stack frames</a>
<div class='stack-trace' id='stack-trace2067115646'><pre>java.lang.AssertionError: expected:&lt;true&gt; but was:&lt;false&gt;
	at org.testng.Assert.fail(Assert.java:89)
	at org.testng.Assert.failNotEquals(Assert.java:489)
	at org.testng.Assert.assertTrue(Assert.java:37)
	at org.testng.Assert.assertTrue(Assert.java:47)
	at testSuiteA.IdeTest.deleteFImpTest(IdeTest.java:370)
	at sun.reflect.NativeMethodAccessorImpl.invoke0(Native Method)
	at sun.reflect.NativeMethodAccessorImpl.invoke(NativeMethodAccessorImpl.java:39)
	at sun.reflect.DelegatingMethodAccessorImpl.invoke(DelegatingMethodAccessorImpl.java:25)
	at java.lang.reflect.Method.invoke(Method.java:597)
	at org.testng.internal.MethodInvocationHelper.invokeMethod(MethodInvocationHelper.java:80)
	at org.testng.internal.Invoker.invokeMethod(Invoker.java:673)
	at org.testng.internal.Invoker.invokeTestMethod(Invoker.java:842)
	at org.testng.internal.Invoker.invokeTestMethods(Invoker.java:1166)
	at org.testng.internal.TestMethodWorker.invokeTestMethods(TestMethodWorker.java:125)
	at org.testng.internal.TestMethodWorker.run(TestMethodWorker.java:109)
	at org.testng.TestRunner.runWorkers(TestRunner.java:1178)
	at org.testng.TestRunner.privateRun(TestRunner.java:757)
	at org.testng.TestRunner.run(TestRunner.java:608)
	at org.testng.SuiteRunner.runTest(SuiteRunner.java:334)
	at org.testng.SuiteRunner.runSequentially(SuiteRunner.java:329)
	at org.testng.SuiteRunner.privateRun(SuiteRunner.java:291)
	at org.testng.SuiteRunner.run(SuiteRunner.java:240)
	at org.testng.SuiteRunnerWorker.runSuite(SuiteRunnerWorker.java:52)
	at org.testng.SuiteRunnerWorker.run(SuiteRunnerWorker.java:86)
	at org.testng.TestNG.runSuitesSequentially(TestNG.java:1158)
	at org.testng.TestNG.runSuitesSequentially(TestNG.java:1154)
	at org.testng.TestNG.runSuitesLocally(TestNG.java:1083)
	at org.testng.TestNG.run(TestNG.java:999)
	at org.apache.maven.surefire.testng.TestNGExecutor.run(TestNGExecutor.java:217)
	at org.apache.maven.surefire.testng.TestNGXmlTestSuite.execute(TestNGXmlTestSuite.java:84)
	at org.apache.maven.surefire.testng.TestNGProvider.invoke(TestNGProvider.java:92)
	at org.apache.maven.surefire.booter.ForkedBooter.invokeProviderInSameClassLoader(ForkedBooter.java:200)
	at org.apache.maven.surefire.booter.ForkedBooter.runSuitesInProcess(ForkedBooter.java:153)
	at org.apache.maven.surefire.booter.ForkedBooter.main(ForkedBooter.java:103)
</pre></div></td>
<td>6</td>
<td>testSuiteA.IdeTest@6076ab2f</td></tr>
</table><p>
<table width='100%' border='1' class='invocation-passed'>
<tr><td colspan='4' align='center'><b>PASSED TESTS</b></td></tr>
<tr><td><b>Test method</b></td>
<td width="30%"><b>Exception</b></td>
<td width="10%"><b>Time (seconds)</b></td>
<td><b>Instance</b></td>
</tr>
<tr>
<td title='testSuiteA.IdeTest.addFImpTest()'><b>addFImpTest</b><br>Test class: testSuiteA.IdeTest</td>
<td></td>
<td>5</td>
<td>testSuiteA.IdeTest@6076ab2f</td></tr>
<tr>
<td title='testSuiteA.IdeTest.addWebhookTest()'><b>addWebhookTest</b><br>Test class: testSuiteA.IdeTest</td>
<td></td>
<td>14</td>
<td>testSuiteA.IdeTest@6076ab2f</td></tr>
<tr>
<td title='testSuiteA.restApiTest.agentEndponitTest()'><b>agentEndponitTest</b><br>Test class: testSuiteA.restApiTest</td>
<td></td>
<td>0</td>
<td>testSuiteA.restApiTest@ee0cc23</td></tr>
<tr>
<td title='testSuiteA.IdeTest.assignDevTest()'><b>assignDevTest</b><br>Test class: testSuiteA.IdeTest</td>
<td></td>
<td>12</td>
<td>testSuiteA.IdeTest@6076ab2f</td></tr>
<tr>
<td title='testSuiteA.IdeTest.changeFWTest()'><b>changeFWTest</b><br>Test class: testSuiteA.IdeTest</td>
<td></td>
<td>16</td>
<td>testSuiteA.IdeTest@6076ab2f</td></tr>
<tr>
<td title='testSuiteA.IdeTest.deleteDevTest()'><b>deleteDevTest</b><br>Test class: testSuiteA.IdeTest</td>
<td></td>
<td>11</td>
<td>testSuiteA.IdeTest@6076ab2f</td></tr>
<tr>
<td title='testSuiteA.IdeTest.loginTest()'><b>loginTest</b><br>Test class: testSuiteA.IdeTest</td>
<td></td>
<td>4</td>
<td>testSuiteA.IdeTest@6076ab2f</td></tr>
<tr>
<td title='testSuiteA.IdeTest.opsDeployTest()'><b>opsDeployTest</b><br>Test class: testSuiteA.IdeTest</td>
<td></td>
<td>18</td>
<td>testSuiteA.IdeTest@6076ab2f</td></tr>
<tr>
<td title='testSuiteA.IdeTest.rmBondTest()'><b>rmBondTest</b><br>Test class: testSuiteA.IdeTest</td>
<td></td>
<td>12</td>
<td>testSuiteA.IdeTest@6076ab2f</td></tr>
<tr>
<td title='testSuiteA.IdeTest.rmWebhookTest()'><b>rmWebhookTest</b><br>Test class: testSuiteA.IdeTest</td>
<td></td>
<td>8</td>
<td>testSuiteA.IdeTest@6076ab2f</td></tr>
<tr>
<td title='testSuiteA.IdeTest.searchTest()'><b>searchTest</b><br>Test class: testSuiteA.IdeTest</td>
<td></td>
<td>34</td>
<td>testSuiteA.IdeTest@6076ab2f</td></tr>
<tr>
<td title='testSuiteA.IdeTest.sidebarTest()'><b>sidebarTest</b><br>Test class: testSuiteA.IdeTest</td>
<td></td>
<td>28</td>
<td>testSuiteA.IdeTest@6076ab2f</td></tr>
</table><p>
</body>
</html>